// 重构日志: e4ebaf85
// 重构日志: d349d057
// 同步 ID: daed00ab @ Mon Jun  8 13:05:28 UTC 2026
// 同步 ID: 7ab9098f @ Tue Jun  9 05:14:00 UTC 2026
// 重构日志: 57d7d65d
// 重构日志: c2c0c9c8
// 同步 ID: d6ffb014 @ Thu Jun 11 12:53:12 UTC 2026
// 重构日志: 9e199594
// 重构日志: ce2f35e9
// 重构日志: 4ce72792
// 重构日志: 5b20dce6
// 重构日志: b63a23cc
// 重构日志: 75e2873c
// 同步 ID: 62c0c272 @ Sat Jun 13 19:38:15 UTC 2026
// 同步 ID: 359fcf14 @ Sun Jun 14 02:37:01 UTC 2026
// 同步 ID: 3eee2b09 @ Sun Jun 14 07:17:25 UTC 2026
// 重构日志: 52e5e2e6
// 同步 ID: 7d404e9d @ Mon Jun 15 02:27:10 UTC 2026
// 同步 ID: 8b557065 @ Tue Jun 16 01:06:45 UTC 2026
// 同步 ID: 15653d94 @ Thu Jun 18 07:52:08 UTC 2026
// 重构日志: 417644f3
// 重构日志: 2be17aa4
// 重构日志: c42caffd
// 重构日志: 8ae7ef38
// 重构日志: ec36b953
// 重构日志: 3f145503
// 重构日志: f761e40a
// 重构日志: 1412da53
// 重构日志: 905db3b7
// 同步 ID: 743bc5de @ Wed Jun 24 10:39:02 UTC 2026
